09-05 19:24:48.114 [    main] INFO | org.springframework.boot.StartupInfoLogger.logStarting:51 Starting JiraRushApplication using Java 17.0.11 with PID 26768 (D:\Course\project-final\target\classes started by IVC in D:\Course\project-final)
09-05 19:24:48.119 [    main] DEBUG| org.springframework.boot.StartupInfoLogger.logStarting:52 Running with Spring Boot v3.0.2, Spring v6.0.4
09-05 19:24:48.120 [    main] INFO | org.springframework.boot.SpringApplication.logStartupProfileInfo:636 The following 1 profile is active: "prod"
09-05 19:24:53.566 [    main] WARN | o.springframework.context.support.AbstractApplicationContext.refresh:592 Exception encountered during context initialization - cancelling refresh attempt: org.springframework.beans.factory.BeanCreationException: Error creating bean with name 'liquibase' defined in class path resource [org/springframework/boot/autoconfigure/liquibase/LiquibaseAutoConfiguration$LiquibaseConfiguration.class]: Validation Failed:
     1 changesets check sum
          classpath:db/changelog.sql::change_UK_USER_BELONG::ishlyakhtenkov was: 8:21bf170ebbe6bdb534774826299edb6a but is now: 8:7f0365b265e77705163bc53c439dc5ee

09-05 19:24:53.647 [    main] ERROR| org.springframework.boot.SpringApplication.reportFailure:820 Application run failed
org.springframework.beans.factory.BeanCreationException: Error creating bean with name 'liquibase' defined in class path resource [org/springframework/boot/autoconfigure/liquibase/LiquibaseAutoConfiguration$LiquibaseConfiguration.class]: Validation Failed:
     1 changesets check sum
          classpath:db/changelog.sql::change_UK_USER_BELONG::ishlyakhtenkov was: 8:21bf170ebbe6bdb534774826299edb6a but is now: 8:7f0365b265e77705163bc53c439dc5ee

	at org.springframework.beans.factory.support.AbstractAutowireCapableBeanFactory.initializeBean(AbstractAutowireCapableBeanFactory.java:1751)
	at org.springframework.beans.factory.support.AbstractAutowireCapableBeanFactory.doCreateBean(AbstractAutowireCapableBeanFactory.java:599)
	at org.springframework.beans.factory.support.AbstractAutowireCapableBeanFactory.createBean(AbstractAutowireCapableBeanFactory.java:521)
	at org.springframework.beans.factory.support.AbstractBeanFactory.lambda$doGetBean$0(AbstractBeanFactory.java:326)
	at org.springframework.beans.factory.support.DefaultSingletonBeanRegistry.getSingleton(DefaultSingletonBeanRegistry.java:234)
	at org.springframework.beans.factory.support.AbstractBeanFactory.doGetBean(AbstractBeanFactory.java:324)
	at org.springframework.beans.factory.support.AbstractBeanFactory.getBean(AbstractBeanFactory.java:200)
	at org.springframework.beans.factory.support.AbstractBeanFactory.doGetBean(AbstractBeanFactory.java:313)
	at org.springframework.beans.factory.support.AbstractBeanFactory.getBean(AbstractBeanFactory.java:200)
	at org.springframework.context.support.AbstractApplicationContext.getBean(AbstractApplicationContext.java:1130)
	at org.springframework.context.support.AbstractApplicationContext.finishBeanFactoryInitialization(AbstractApplicationContext.java:905)
	at org.springframework.context.support.AbstractApplicationContext.refresh(AbstractApplicationContext.java:584)
	at org.springframework.boot.web.servlet.context.ServletWebServerApplicationContext.refresh(ServletWebServerApplicationContext.java:146)
	at org.springframework.boot.SpringApplication.refresh(SpringApplication.java:730)
	at org.springframework.boot.SpringApplication.refreshContext(SpringApplication.java:432)
	at org.springframework.boot.SpringApplication.run(SpringApplication.java:308)
	at org.springframework.boot.SpringApplication.run(SpringApplication.java:1302)
	at org.springframework.boot.SpringApplication.run(SpringApplication.java:1291)
	at com.javarush.jira.JiraRushApplication.main(JiraRushApplication.java:15)
Caused by: liquibase.exception.ValidationFailedException: Validation Failed:
     1 changesets check sum
          classpath:db/changelog.sql::change_UK_USER_BELONG::ishlyakhtenkov was: 8:21bf170ebbe6bdb534774826299edb6a but is now: 8:7f0365b265e77705163bc53c439dc5ee

	at liquibase.changelog.DatabaseChangeLog.validate(DatabaseChangeLog.java:337)
	at liquibase.Liquibase.lambda$update$1(Liquibase.java:257)
	at liquibase.Scope.lambda$child$0(Scope.java:180)
	at liquibase.Scope.child(Scope.java:189)
	at liquibase.Scope.child(Scope.java:179)
	at liquibase.Scope.child(Scope.java:158)
	at liquibase.Liquibase.runInScope(Liquibase.java:2447)
	at liquibase.Liquibase.update(Liquibase.java:236)
	at liquibase.Liquibase.update(Liquibase.java:221)
	at liquibase.integration.spring.SpringLiquibase.performUpdate(SpringLiquibase.java:328)
	at liquibase.integration.spring.SpringLiquibase.afterPropertiesSet(SpringLiquibase.java:283)
	at org.springframework.beans.factory.support.AbstractAutowireCapableBeanFactory.invokeInitMethods(AbstractAutowireCapableBeanFactory.java:1797)
	at org.springframework.beans.factory.support.AbstractAutowireCapableBeanFactory.initializeBean(AbstractAutowireCapableBeanFactory.java:1747)
	... 18 common frames omitted
09-05 19:33:25.664 [    main] INFO | org.springframework.boot.StartupInfoLogger.logStarting:51 Starting JiraRushApplication using Java 17.0.11 with PID 27088 (D:\Course\project-final\target\classes started by IVC in D:\Course\project-final)
09-05 19:33:25.669 [    main] DEBUG| org.springframework.boot.StartupInfoLogger.logStarting:52 Running with Spring Boot v3.0.2, Spring v6.0.4
09-05 19:33:25.671 [    main] INFO | org.springframework.boot.SpringApplication.logStartupProfileInfo:636 The following 1 profile is active: "prod"
09-05 19:33:32.182 [    main] WARN | o.h.b.i.MetadataBuilderImpl$MetadataBuildingOptionsImpl.lambda$new$1:626 HHH90000021: Encountered deprecated setting [javax.persistence.sharedCache.mode], use [jakarta.persistence.sharedCache.mode] instead
09-05 19:33:35.480 [    main] DEBUG| o.s.w.s.m.m.annotation.ExceptionHandlerExceptionResolver.initExceptionHandlerAdviceCache:292 ControllerAdvice beans: 3 @ExceptionHandler, 1 ResponseBodyAdvice
09-05 19:33:36.059 [    main] DEBUG| o.s.scheduling.concurrent.ExecutorConfigurationSupport.initialize:181 Initializing ExecutorService 'mailExecutor'
09-05 19:33:36.224 [    main] INFO | com.javarush.jira.ref.ReferenceService.initialize:56 init loading
09-05 19:33:36.423 [    main] DEBUG| o.s.web.servlet.handler.SimpleUrlHandlerMapping.logMappings:187 Patterns [/view/**] in 'getUrlHandlerMapping'
09-05 19:33:37.519 [    main] WARN | o.springframework.context.support.AbstractApplicationContext.refresh:592 Exception encountered during context initialization - cancelling refresh attempt: org.springframework.context.ApplicationContextException: Failed to start bean 'webServerStartStop'
09-05 19:33:37.521 [    main] DEBUG| o.s.scheduling.concurrent.ExecutorConfigurationSupport.shutdown:218 Shutting down ExecutorService 'mailExecutor'
09-05 19:33:37.593 [    main] ERROR| o.s.boot.diagnostics.LoggingFailureAnalysisReporter.report:40 

***************************
APPLICATION FAILED TO START
***************************

Description:

Web server failed to start. Port 8080 was already in use.

Action:

Identify and stop the process that's listening on port 8080 or configure this application to listen on another port.

09-05 19:36:39.171 [    main] INFO | org.springframework.boot.StartupInfoLogger.logStarting:51 Starting JiraRushApplication using Java 17.0.11 with PID 35488 (D:\Course\project-final\target\classes started by IVC in D:\Course\project-final)
09-05 19:36:39.175 [    main] DEBUG| org.springframework.boot.StartupInfoLogger.logStarting:52 Running with Spring Boot v3.0.2, Spring v6.0.4
09-05 19:36:39.176 [    main] INFO | org.springframework.boot.SpringApplication.logStartupProfileInfo:636 The following 1 profile is active: "prod"
09-05 19:36:44.000 [    main] WARN | o.h.b.i.MetadataBuilderImpl$MetadataBuildingOptionsImpl.lambda$new$1:626 HHH90000021: Encountered deprecated setting [javax.persistence.sharedCache.mode], use [jakarta.persistence.sharedCache.mode] instead
09-05 19:36:47.322 [    main] DEBUG| o.s.w.s.m.m.annotation.ExceptionHandlerExceptionResolver.initExceptionHandlerAdviceCache:292 ControllerAdvice beans: 3 @ExceptionHandler, 1 ResponseBodyAdvice
09-05 19:36:47.680 [    main] DEBUG| o.s.scheduling.concurrent.ExecutorConfigurationSupport.initialize:181 Initializing ExecutorService 'mailExecutor'
09-05 19:36:47.817 [    main] INFO | com.javarush.jira.ref.ReferenceService.initialize:56 init loading
09-05 19:36:48.020 [    main] DEBUG| o.s.web.servlet.handler.SimpleUrlHandlerMapping.logMappings:187 Patterns [/view/**] in 'getUrlHandlerMapping'
09-05 19:36:49.349 [    main] WARN | o.springframework.context.support.AbstractApplicationContext.refresh:592 Exception encountered during context initialization - cancelling refresh attempt: org.springframework.context.ApplicationContextException: Failed to start bean 'webServerStartStop'
09-05 19:36:49.351 [    main] DEBUG| o.s.scheduling.concurrent.ExecutorConfigurationSupport.shutdown:218 Shutting down ExecutorService 'mailExecutor'
09-05 19:36:49.443 [    main] ERROR| o.s.boot.diagnostics.LoggingFailureAnalysisReporter.report:40 

***************************
APPLICATION FAILED TO START
***************************

Description:

Web server failed to start. Port 8080 was already in use.

Action:

Identify and stop the process that's listening on port 8080 or configure this application to listen on another port.

09-05 19:37:42.341 [    main] INFO | org.springframework.boot.StartupInfoLogger.logStarting:51 Starting JiraRushApplication using Java 17.0.11 with PID 50844 (D:\Course\project-final\target\classes started by IVC in D:\Course\project-final)
09-05 19:37:42.346 [    main] DEBUG| org.springframework.boot.StartupInfoLogger.logStarting:52 Running with Spring Boot v3.0.2, Spring v6.0.4
09-05 19:37:42.347 [    main] INFO | org.springframework.boot.SpringApplication.logStartupProfileInfo:636 The following 1 profile is active: "prod"
09-05 19:37:47.526 [    main] WARN | o.springframework.context.support.AbstractApplicationContext.refresh:592 Exception encountered during context initialization - cancelling refresh attempt: org.springframework.beans.factory.BeanCreationException: Error creating bean with name 'liquibase' defined in class path resource [org/springframework/boot/autoconfigure/liquibase/LiquibaseAutoConfiguration$LiquibaseConfiguration.class]: Validation Failed:
     1 changesets check sum
          classpath:db/changelog.sql::into_activity::dubovskiy was: 8:34004aa4a921b50e9cf5dbc8a6339c39 but is now: 8:dcd631c65e097df952e20dd78c72412d

09-05 19:37:47.609 [    main] ERROR| org.springframework.boot.SpringApplication.reportFailure:820 Application run failed
org.springframework.beans.factory.BeanCreationException: Error creating bean with name 'liquibase' defined in class path resource [org/springframework/boot/autoconfigure/liquibase/LiquibaseAutoConfiguration$LiquibaseConfiguration.class]: Validation Failed:
     1 changesets check sum
          classpath:db/changelog.sql::into_activity::dubovskiy was: 8:34004aa4a921b50e9cf5dbc8a6339c39 but is now: 8:dcd631c65e097df952e20dd78c72412d

	at org.springframework.beans.factory.support.AbstractAutowireCapableBeanFactory.initializeBean(AbstractAutowireCapableBeanFactory.java:1751)
	at org.springframework.beans.factory.support.AbstractAutowireCapableBeanFactory.doCreateBean(AbstractAutowireCapableBeanFactory.java:599)
	at org.springframework.beans.factory.support.AbstractAutowireCapableBeanFactory.createBean(AbstractAutowireCapableBeanFactory.java:521)
	at org.springframework.beans.factory.support.AbstractBeanFactory.lambda$doGetBean$0(AbstractBeanFactory.java:326)
	at org.springframework.beans.factory.support.DefaultSingletonBeanRegistry.getSingleton(DefaultSingletonBeanRegistry.java:234)
	at org.springframework.beans.factory.support.AbstractBeanFactory.doGetBean(AbstractBeanFactory.java:324)
	at org.springframework.beans.factory.support.AbstractBeanFactory.getBean(AbstractBeanFactory.java:200)
	at org.springframework.beans.factory.support.AbstractBeanFactory.doGetBean(AbstractBeanFactory.java:313)
	at org.springframework.beans.factory.support.AbstractBeanFactory.getBean(AbstractBeanFactory.java:200)
	at org.springframework.context.support.AbstractApplicationContext.getBean(AbstractApplicationContext.java:1130)
	at org.springframework.context.support.AbstractApplicationContext.finishBeanFactoryInitialization(AbstractApplicationContext.java:905)
	at org.springframework.context.support.AbstractApplicationContext.refresh(AbstractApplicationContext.java:584)
	at org.springframework.boot.web.servlet.context.ServletWebServerApplicationContext.refresh(ServletWebServerApplicationContext.java:146)
	at org.springframework.boot.SpringApplication.refresh(SpringApplication.java:730)
	at org.springframework.boot.SpringApplication.refreshContext(SpringApplication.java:432)
	at org.springframework.boot.SpringApplication.run(SpringApplication.java:308)
	at org.springframework.boot.SpringApplication.run(SpringApplication.java:1302)
	at org.springframework.boot.SpringApplication.run(SpringApplication.java:1291)
	at com.javarush.jira.JiraRushApplication.main(JiraRushApplication.java:15)
Caused by: liquibase.exception.ValidationFailedException: Validation Failed:
     1 changesets check sum
          classpath:db/changelog.sql::into_activity::dubovskiy was: 8:34004aa4a921b50e9cf5dbc8a6339c39 but is now: 8:dcd631c65e097df952e20dd78c72412d

	at liquibase.changelog.DatabaseChangeLog.validate(DatabaseChangeLog.java:337)
	at liquibase.Liquibase.lambda$update$1(Liquibase.java:257)
	at liquibase.Scope.lambda$child$0(Scope.java:180)
	at liquibase.Scope.child(Scope.java:189)
	at liquibase.Scope.child(Scope.java:179)
	at liquibase.Scope.child(Scope.java:158)
	at liquibase.Liquibase.runInScope(Liquibase.java:2447)
	at liquibase.Liquibase.update(Liquibase.java:236)
	at liquibase.Liquibase.update(Liquibase.java:221)
	at liquibase.integration.spring.SpringLiquibase.performUpdate(SpringLiquibase.java:328)
	at liquibase.integration.spring.SpringLiquibase.afterPropertiesSet(SpringLiquibase.java:283)
	at org.springframework.beans.factory.support.AbstractAutowireCapableBeanFactory.invokeInitMethods(AbstractAutowireCapableBeanFactory.java:1797)
	at org.springframework.beans.factory.support.AbstractAutowireCapableBeanFactory.initializeBean(AbstractAutowireCapableBeanFactory.java:1747)
	... 18 common frames omitted
09-05 19:38:11.150 [    main] INFO | org.springframework.boot.StartupInfoLogger.logStarting:51 Starting JiraRushApplication using Java 17.0.11 with PID 19852 (D:\Course\project-final\target\classes started by IVC in D:\Course\project-final)
09-05 19:38:11.155 [    main] DEBUG| org.springframework.boot.StartupInfoLogger.logStarting:52 Running with Spring Boot v3.0.2, Spring v6.0.4
09-05 19:38:11.156 [    main] INFO | org.springframework.boot.SpringApplication.logStartupProfileInfo:636 The following 1 profile is active: "prod"
09-05 19:38:17.158 [    main] WARN | o.h.b.i.MetadataBuilderImpl$MetadataBuildingOptionsImpl.lambda$new$1:626 HHH90000021: Encountered deprecated setting [javax.persistence.sharedCache.mode], use [jakarta.persistence.sharedCache.mode] instead
09-05 19:38:21.723 [    main] DEBUG| o.s.w.s.m.m.annotation.ExceptionHandlerExceptionResolver.initExceptionHandlerAdviceCache:292 ControllerAdvice beans: 3 @ExceptionHandler, 1 ResponseBodyAdvice
09-05 19:38:22.193 [    main] DEBUG| o.s.scheduling.concurrent.ExecutorConfigurationSupport.initialize:181 Initializing ExecutorService 'mailExecutor'
09-05 19:38:22.367 [    main] INFO | com.javarush.jira.ref.ReferenceService.initialize:56 init loading
09-05 19:38:22.594 [    main] DEBUG| o.s.web.servlet.handler.SimpleUrlHandlerMapping.logMappings:187 Patterns [/view/**] in 'getUrlHandlerMapping'
09-05 19:38:24.139 [    main] WARN | o.springframework.context.support.AbstractApplicationContext.refresh:592 Exception encountered during context initialization - cancelling refresh attempt: org.springframework.context.ApplicationContextException: Failed to start bean 'webServerStartStop'
09-05 19:38:24.144 [    main] DEBUG| o.s.scheduling.concurrent.ExecutorConfigurationSupport.shutdown:218 Shutting down ExecutorService 'mailExecutor'
09-05 19:38:24.237 [    main] ERROR| o.s.boot.diagnostics.LoggingFailureAnalysisReporter.report:40 

***************************
APPLICATION FAILED TO START
***************************

Description:

Web server failed to start. Port 8080 was already in use.

Action:

Identify and stop the process that's listening on port 8080 or configure this application to listen on another port.

09-05 19:39:15.988 [    main] INFO | org.springframework.boot.StartupInfoLogger.logStarting:51 Starting JiraRushApplication using Java 17.0.11 with PID 32472 (D:\Course\project-final\target\classes started by IVC in D:\Course\project-final)
09-05 19:39:15.992 [    main] DEBUG| org.springframework.boot.StartupInfoLogger.logStarting:52 Running with Spring Boot v3.0.2, Spring v6.0.4
09-05 19:39:15.993 [    main] INFO | org.springframework.boot.SpringApplication.logStartupProfileInfo:636 The following 1 profile is active: "prod"
09-05 19:39:21.490 [    main] WARN | o.h.b.i.MetadataBuilderImpl$MetadataBuildingOptionsImpl.lambda$new$1:626 HHH90000021: Encountered deprecated setting [javax.persistence.sharedCache.mode], use [jakarta.persistence.sharedCache.mode] instead
09-05 19:39:25.523 [    main] DEBUG| o.s.w.s.m.m.annotation.ExceptionHandlerExceptionResolver.initExceptionHandlerAdviceCache:292 ControllerAdvice beans: 3 @ExceptionHandler, 1 ResponseBodyAdvice
09-05 19:39:26.025 [    main] DEBUG| o.s.scheduling.concurrent.ExecutorConfigurationSupport.initialize:181 Initializing ExecutorService 'mailExecutor'
09-05 19:39:26.145 [    main] INFO | com.javarush.jira.ref.ReferenceService.initialize:56 init loading
09-05 19:39:26.460 [    main] DEBUG| o.s.web.servlet.handler.SimpleUrlHandlerMapping.logMappings:187 Patterns [/view/**] in 'getUrlHandlerMapping'
09-05 19:39:27.975 [    main] WARN | o.springframework.context.support.AbstractApplicationContext.refresh:592 Exception encountered during context initialization - cancelling refresh attempt: org.springframework.context.ApplicationContextException: Failed to start bean 'webServerStartStop'
09-05 19:39:27.979 [    main] DEBUG| o.s.scheduling.concurrent.ExecutorConfigurationSupport.shutdown:218 Shutting down ExecutorService 'mailExecutor'
09-05 19:39:28.077 [    main] ERROR| o.s.boot.diagnostics.LoggingFailureAnalysisReporter.report:40 

***************************
APPLICATION FAILED TO START
***************************

Description:

Web server failed to start. Port 8080 was already in use.

Action:

Identify and stop the process that's listening on port 8080 or configure this application to listen on another port.

09-05 19:40:41.846 [    main] INFO | org.springframework.boot.StartupInfoLogger.logStarting:51 Starting JiraRushApplication using Java 17.0.11 with PID 60132 (D:\Course\project-final\target\classes started by IVC in D:\Course\project-final)
09-05 19:40:41.852 [    main] DEBUG| org.springframework.boot.StartupInfoLogger.logStarting:52 Running with Spring Boot v3.0.2, Spring v6.0.4
09-05 19:40:41.855 [    main] INFO | org.springframework.boot.SpringApplication.logStartupProfileInfo:636 The following 1 profile is active: "prod"
09-05 19:40:47.631 [    main] WARN | o.springframework.context.support.AbstractApplicationContext.refresh:592 Exception encountered during context initialization - cancelling refresh attempt: org.springframework.beans.factory.BeanCreationException: Error creating bean with name 'liquibase' defined in class path resource [org/springframework/boot/autoconfigure/liquibase/LiquibaseAutoConfiguration$LiquibaseConfiguration.class]: Validation Failed:
     1 changesets check sum
          classpath:db/changelog.sql::change_into_activity::dubovskiy was: 8:dcd631c65e097df952e20dd78c72412d but is now: 8:06f2f4272f626fa8184dbaec2f5d61f3

09-05 19:40:47.717 [    main] ERROR| org.springframework.boot.SpringApplication.reportFailure:820 Application run failed
org.springframework.beans.factory.BeanCreationException: Error creating bean with name 'liquibase' defined in class path resource [org/springframework/boot/autoconfigure/liquibase/LiquibaseAutoConfiguration$LiquibaseConfiguration.class]: Validation Failed:
     1 changesets check sum
          classpath:db/changelog.sql::change_into_activity::dubovskiy was: 8:dcd631c65e097df952e20dd78c72412d but is now: 8:06f2f4272f626fa8184dbaec2f5d61f3

	at org.springframework.beans.factory.support.AbstractAutowireCapableBeanFactory.initializeBean(AbstractAutowireCapableBeanFactory.java:1751)
	at org.springframework.beans.factory.support.AbstractAutowireCapableBeanFactory.doCreateBean(AbstractAutowireCapableBeanFactory.java:599)
	at org.springframework.beans.factory.support.AbstractAutowireCapableBeanFactory.createBean(AbstractAutowireCapableBeanFactory.java:521)
	at org.springframework.beans.factory.support.AbstractBeanFactory.lambda$doGetBean$0(AbstractBeanFactory.java:326)
	at org.springframework.beans.factory.support.DefaultSingletonBeanRegistry.getSingleton(DefaultSingletonBeanRegistry.java:234)
	at org.springframework.beans.factory.support.AbstractBeanFactory.doGetBean(AbstractBeanFactory.java:324)
	at org.springframework.beans.factory.support.AbstractBeanFactory.getBean(AbstractBeanFactory.java:200)
	at org.springframework.beans.factory.support.AbstractBeanFactory.doGetBean(AbstractBeanFactory.java:313)
	at org.springframework.beans.factory.support.AbstractBeanFactory.getBean(AbstractBeanFactory.java:200)
	at org.springframework.context.support.AbstractApplicationContext.getBean(AbstractApplicationContext.java:1130)
	at org.springframework.context.support.AbstractApplicationContext.finishBeanFactoryInitialization(AbstractApplicationContext.java:905)
	at org.springframework.context.support.AbstractApplicationContext.refresh(AbstractApplicationContext.java:584)
	at org.springframework.boot.web.servlet.context.ServletWebServerApplicationContext.refresh(ServletWebServerApplicationContext.java:146)
	at org.springframework.boot.SpringApplication.refresh(SpringApplication.java:730)
	at org.springframework.boot.SpringApplication.refreshContext(SpringApplication.java:432)
	at org.springframework.boot.SpringApplication.run(SpringApplication.java:308)
	at org.springframework.boot.SpringApplication.run(SpringApplication.java:1302)
	at org.springframework.boot.SpringApplication.run(SpringApplication.java:1291)
	at com.javarush.jira.JiraRushApplication.main(JiraRushApplication.java:15)
Caused by: liquibase.exception.ValidationFailedException: Validation Failed:
     1 changesets check sum
          classpath:db/changelog.sql::change_into_activity::dubovskiy was: 8:dcd631c65e097df952e20dd78c72412d but is now: 8:06f2f4272f626fa8184dbaec2f5d61f3

	at liquibase.changelog.DatabaseChangeLog.validate(DatabaseChangeLog.java:337)
	at liquibase.Liquibase.lambda$update$1(Liquibase.java:257)
	at liquibase.Scope.lambda$child$0(Scope.java:180)
	at liquibase.Scope.child(Scope.java:189)
	at liquibase.Scope.child(Scope.java:179)
	at liquibase.Scope.child(Scope.java:158)
	at liquibase.Liquibase.runInScope(Liquibase.java:2447)
	at liquibase.Liquibase.update(Liquibase.java:236)
	at liquibase.Liquibase.update(Liquibase.java:221)
	at liquibase.integration.spring.SpringLiquibase.performUpdate(SpringLiquibase.java:328)
	at liquibase.integration.spring.SpringLiquibase.afterPropertiesSet(SpringLiquibase.java:283)
	at org.springframework.beans.factory.support.AbstractAutowireCapableBeanFactory.invokeInitMethods(AbstractAutowireCapableBeanFactory.java:1797)
	at org.springframework.beans.factory.support.AbstractAutowireCapableBeanFactory.initializeBean(AbstractAutowireCapableBeanFactory.java:1747)
	... 18 common frames omitted
09-05 19:41:12.699 [    main] INFO | org.springframework.boot.StartupInfoLogger.logStarting:51 Starting JiraRushApplication using Java 17.0.11 with PID 56516 (D:\Course\project-final\target\classes started by IVC in D:\Course\project-final)
09-05 19:41:12.704 [    main] DEBUG| org.springframework.boot.StartupInfoLogger.logStarting:52 Running with Spring Boot v3.0.2, Spring v6.0.4
09-05 19:41:12.706 [    main] INFO | org.springframework.boot.SpringApplication.logStartupProfileInfo:636 The following 1 profile is active: "prod"
09-05 19:41:18.150 [    main] WARN | o.h.b.i.MetadataBuilderImpl$MetadataBuildingOptionsImpl.lambda$new$1:626 HHH90000021: Encountered deprecated setting [javax.persistence.sharedCache.mode], use [jakarta.persistence.sharedCache.mode] instead
09-05 19:41:21.366 [    main] DEBUG| o.s.w.s.m.m.annotation.ExceptionHandlerExceptionResolver.initExceptionHandlerAdviceCache:292 ControllerAdvice beans: 3 @ExceptionHandler, 1 ResponseBodyAdvice
09-05 19:41:21.668 [    main] DEBUG| o.s.scheduling.concurrent.ExecutorConfigurationSupport.initialize:181 Initializing ExecutorService 'mailExecutor'
09-05 19:41:21.772 [    main] INFO | com.javarush.jira.ref.ReferenceService.initialize:56 init loading
09-05 19:41:21.926 [    main] DEBUG| o.s.web.servlet.handler.SimpleUrlHandlerMapping.logMappings:187 Patterns [/view/**] in 'getUrlHandlerMapping'
09-05 19:41:23.197 [    main] WARN | o.springframework.context.support.AbstractApplicationContext.refresh:592 Exception encountered during context initialization - cancelling refresh attempt: org.springframework.context.ApplicationContextException: Failed to start bean 'webServerStartStop'
09-05 19:41:23.203 [    main] DEBUG| o.s.scheduling.concurrent.ExecutorConfigurationSupport.shutdown:218 Shutting down ExecutorService 'mailExecutor'
09-05 19:41:23.301 [    main] ERROR| o.s.boot.diagnostics.LoggingFailureAnalysisReporter.report:40 

***************************
APPLICATION FAILED TO START
***************************

Description:

Web server failed to start. Port 8080 was already in use.

Action:

Identify and stop the process that's listening on port 8080 or configure this application to listen on another port.

09-05 19:47:03.958 [    main] INFO | org.springframework.boot.StartupInfoLogger.logStarting:51 Starting JiraRushApplication using Java 17.0.11 with PID 27492 (D:\Course\project-final\target\classes started by IVC in D:\Course\project-final)
09-05 19:47:03.962 [    main] DEBUG| org.springframework.boot.StartupInfoLogger.logStarting:52 Running with Spring Boot v3.0.2, Spring v6.0.4
09-05 19:47:03.963 [    main] INFO | org.springframework.boot.SpringApplication.logStartupProfileInfo:636 The following 1 profile is active: "prod"
09-05 19:47:09.169 [    main] WARN | o.h.b.i.MetadataBuilderImpl$MetadataBuildingOptionsImpl.lambda$new$1:626 HHH90000021: Encountered deprecated setting [javax.persistence.sharedCache.mode], use [jakarta.persistence.sharedCache.mode] instead
09-05 19:47:13.138 [    main] DEBUG| o.s.w.s.m.m.annotation.ExceptionHandlerExceptionResolver.initExceptionHandlerAdviceCache:292 ControllerAdvice beans: 3 @ExceptionHandler, 1 ResponseBodyAdvice
09-05 19:47:13.477 [    main] DEBUG| o.s.scheduling.concurrent.ExecutorConfigurationSupport.initialize:181 Initializing ExecutorService 'mailExecutor'
09-05 19:47:13.649 [    main] INFO | com.javarush.jira.ref.ReferenceService.initialize:56 init loading
09-05 19:47:13.808 [    main] DEBUG| o.s.web.servlet.handler.SimpleUrlHandlerMapping.logMappings:187 Patterns [/view/**] in 'getUrlHandlerMapping'
09-05 19:47:14.943 [    main] WARN | o.springframework.context.support.AbstractApplicationContext.refresh:592 Exception encountered during context initialization - cancelling refresh attempt: org.springframework.context.ApplicationContextException: Failed to start bean 'webServerStartStop'
09-05 19:47:14.946 [    main] DEBUG| o.s.scheduling.concurrent.ExecutorConfigurationSupport.shutdown:218 Shutting down ExecutorService 'mailExecutor'
09-05 19:47:15.005 [    main] ERROR| o.s.boot.diagnostics.LoggingFailureAnalysisReporter.report:40 

***************************
APPLICATION FAILED TO START
***************************

Description:

Web server failed to start. Port 8080 was already in use.

Action:

Identify and stop the process that's listening on port 8080 or configure this application to listen on another port.

09-05 19:47:48.956 [    main] INFO | org.springframework.boot.StartupInfoLogger.logStarting:51 Starting JiraRushApplication using Java 17.0.11 with PID 60604 (D:\Course\project-final\target\classes started by IVC in D:\Course\project-final)
09-05 19:47:48.960 [    main] DEBUG| org.springframework.boot.StartupInfoLogger.logStarting:52 Running with Spring Boot v3.0.2, Spring v6.0.4
09-05 19:47:48.961 [    main] INFO | org.springframework.boot.SpringApplication.logStartupProfileInfo:636 The following 1 profile is active: "prod"
09-05 19:47:56.218 [    main] WARN | o.h.b.i.MetadataBuilderImpl$MetadataBuildingOptionsImpl.lambda$new$1:626 HHH90000021: Encountered deprecated setting [javax.persistence.sharedCache.mode], use [jakarta.persistence.sharedCache.mode] instead
09-05 19:47:59.821 [    main] DEBUG| o.s.w.s.m.m.annotation.ExceptionHandlerExceptionResolver.initExceptionHandlerAdviceCache:292 ControllerAdvice beans: 3 @ExceptionHandler, 1 ResponseBodyAdvice
09-05 19:48:00.233 [    main] DEBUG| o.s.scheduling.concurrent.ExecutorConfigurationSupport.initialize:181 Initializing ExecutorService 'mailExecutor'
09-05 19:48:00.415 [    main] INFO | com.javarush.jira.ref.ReferenceService.initialize:56 init loading
09-05 19:48:00.562 [    main] DEBUG| o.s.web.servlet.handler.SimpleUrlHandlerMapping.logMappings:187 Patterns [/view/**] in 'getUrlHandlerMapping'
09-05 19:48:02.223 [    main] WARN | o.springframework.context.support.AbstractApplicationContext.refresh:592 Exception encountered during context initialization - cancelling refresh attempt: org.springframework.context.ApplicationContextException: Failed to start bean 'webServerStartStop'
09-05 19:48:02.228 [    main] DEBUG| o.s.scheduling.concurrent.ExecutorConfigurationSupport.shutdown:218 Shutting down ExecutorService 'mailExecutor'
09-05 19:48:02.372 [    main] ERROR| o.s.boot.diagnostics.LoggingFailureAnalysisReporter.report:40 

***************************
APPLICATION FAILED TO START
***************************

Description:

Web server failed to start. Port 8080 was already in use.

Action:

Identify and stop the process that's listening on port 8080 or configure this application to listen on another port.

09-05 19:48:25.137 [    main] INFO | org.springframework.boot.StartupInfoLogger.logStarting:51 Starting JiraRushApplication using Java 17.0.11 with PID 37968 (D:\Course\project-final\target\classes started by IVC in D:\Course\project-final)
09-05 19:48:25.143 [    main] DEBUG| org.springframework.boot.StartupInfoLogger.logStarting:52 Running with Spring Boot v3.0.2, Spring v6.0.4
09-05 19:48:25.145 [    main] INFO | org.springframework.boot.SpringApplication.logStartupProfileInfo:636 The following 1 profile is active: "prod"
09-05 19:48:30.561 [    main] WARN | o.h.b.i.MetadataBuilderImpl$MetadataBuildingOptionsImpl.lambda$new$1:626 HHH90000021: Encountered deprecated setting [javax.persistence.sharedCache.mode], use [jakarta.persistence.sharedCache.mode] instead
09-05 19:48:35.688 [    main] DEBUG| o.s.w.s.m.m.annotation.ExceptionHandlerExceptionResolver.initExceptionHandlerAdviceCache:292 ControllerAdvice beans: 3 @ExceptionHandler, 1 ResponseBodyAdvice
09-05 19:48:36.160 [    main] DEBUG| o.s.scheduling.concurrent.ExecutorConfigurationSupport.initialize:181 Initializing ExecutorService 'mailExecutor'
09-05 19:48:36.269 [    main] INFO | com.javarush.jira.ref.ReferenceService.initialize:56 init loading
09-05 19:48:36.456 [    main] DEBUG| o.s.web.servlet.handler.SimpleUrlHandlerMapping.logMappings:187 Patterns [/view/**] in 'getUrlHandlerMapping'
09-05 19:48:37.808 [    main] WARN | o.springframework.context.support.AbstractApplicationContext.refresh:592 Exception encountered during context initialization - cancelling refresh attempt: org.springframework.context.ApplicationContextException: Failed to start bean 'webServerStartStop'
09-05 19:48:37.810 [    main] DEBUG| o.s.scheduling.concurrent.ExecutorConfigurationSupport.shutdown:218 Shutting down ExecutorService 'mailExecutor'
09-05 19:48:37.870 [    main] ERROR| o.s.boot.diagnostics.LoggingFailureAnalysisReporter.report:40 

***************************
APPLICATION FAILED TO START
***************************

Description:

Web server failed to start. Port 8080 was already in use.

Action:

Identify and stop the process that's listening on port 8080 or configure this application to listen on another port.

09-05 19:48:56.499 [    main] INFO | org.springframework.boot.StartupInfoLogger.logStarting:51 Starting JiraRushApplication using Java 17.0.11 with PID 26668 (D:\Course\project-final\target\classes started by IVC in D:\Course\project-final)
09-05 19:48:56.505 [    main] DEBUG| org.springframework.boot.StartupInfoLogger.logStarting:52 Running with Spring Boot v3.0.2, Spring v6.0.4
09-05 19:48:56.610 [    main] INFO | org.springframework.boot.SpringApplication.logStartupProfileInfo:636 The following 1 profile is active: "prod"
09-05 19:49:02.077 [    main] WARN | o.h.b.i.MetadataBuilderImpl$MetadataBuildingOptionsImpl.lambda$new$1:626 HHH90000021: Encountered deprecated setting [javax.persistence.sharedCache.mode], use [jakarta.persistence.sharedCache.mode] instead
09-05 19:49:05.310 [    main] DEBUG| o.s.w.s.m.m.annotation.ExceptionHandlerExceptionResolver.initExceptionHandlerAdviceCache:292 ControllerAdvice beans: 3 @ExceptionHandler, 1 ResponseBodyAdvice
09-05 19:49:05.774 [    main] DEBUG| o.s.scheduling.concurrent.ExecutorConfigurationSupport.initialize:181 Initializing ExecutorService 'mailExecutor'
09-05 19:49:05.878 [    main] INFO | com.javarush.jira.ref.ReferenceService.initialize:56 init loading
09-05 19:49:06.013 [    main] DEBUG| o.s.web.servlet.handler.SimpleUrlHandlerMapping.logMappings:187 Patterns [/view/**] in 'getUrlHandlerMapping'
09-05 19:49:07.312 [    main] WARN | o.springframework.context.support.AbstractApplicationContext.refresh:592 Exception encountered during context initialization - cancelling refresh attempt: org.springframework.context.ApplicationContextException: Failed to start bean 'webServerStartStop'
09-05 19:49:07.315 [    main] DEBUG| o.s.scheduling.concurrent.ExecutorConfigurationSupport.shutdown:218 Shutting down ExecutorService 'mailExecutor'
09-05 19:49:07.377 [    main] ERROR| o.s.boot.diagnostics.LoggingFailureAnalysisReporter.report:40 

***************************
APPLICATION FAILED TO START
***************************

Description:

Web server failed to start. Port 8080 was already in use.

Action:

Identify and stop the process that's listening on port 8080 or configure this application to listen on another port.

09-05 19:49:32.929 [0-exec-1] DEBUG| o.springframework.web.servlet.handler.AbstractHandlerMapping.getHandler:527 Mapped to org.springframework.web.servlet.mvc.UrlFilenameViewController@5a9c560b
09-05 19:49:33.022 [0-exec-1] DEBUG| o.springframework.web.servlet.handler.AbstractHandlerMapping.getHandler:527 Mapped to org.springframework.web.servlet.mvc.UrlFilenameViewController@5a9c560b
09-05 19:50:48.625 [    main] INFO | org.springframework.boot.StartupInfoLogger.logStarting:51 Starting JiraRushApplication using Java 17.0.11 with PID 25932 (D:\Course\project-final\target\classes started by IVC in D:\Course\project-final)
09-05 19:50:48.629 [    main] DEBUG| org.springframework.boot.StartupInfoLogger.logStarting:52 Running with Spring Boot v3.0.2, Spring v6.0.4
09-05 19:50:48.630 [    main] INFO | org.springframework.boot.SpringApplication.logStartupProfileInfo:636 The following 1 profile is active: "prod"
09-05 19:50:54.197 [    main] WARN | o.springframework.context.support.AbstractApplicationContext.refresh:592 Exception encountered during context initialization - cancelling refresh attempt: org.springframework.beans.factory.BeanCreationException: Error creating bean with name 'liquibase' defined in class path resource [org/springframework/boot/autoconfigure/liquibase/LiquibaseAutoConfiguration$LiquibaseConfiguration.class]: Validation Failed:
     1 changesets check sum
          classpath:db/changelog.sql::change_UK_USER_BELONG::ishlyakhtenkov was: 8:21bf170ebbe6bdb534774826299edb6a but is now: 8:91c9cc0e8080b991eecc7bdda20f62b0

09-05 19:50:54.294 [    main] ERROR| org.springframework.boot.SpringApplication.reportFailure:820 Application run failed
org.springframework.beans.factory.BeanCreationException: Error creating bean with name 'liquibase' defined in class path resource [org/springframework/boot/autoconfigure/liquibase/LiquibaseAutoConfiguration$LiquibaseConfiguration.class]: Validation Failed:
     1 changesets check sum
          classpath:db/changelog.sql::change_UK_USER_BELONG::ishlyakhtenkov was: 8:21bf170ebbe6bdb534774826299edb6a but is now: 8:91c9cc0e8080b991eecc7bdda20f62b0

	at org.springframework.beans.factory.support.AbstractAutowireCapableBeanFactory.initializeBean(AbstractAutowireCapableBeanFactory.java:1751)
	at org.springframework.beans.factory.support.AbstractAutowireCapableBeanFactory.doCreateBean(AbstractAutowireCapableBeanFactory.java:599)
	at org.springframework.beans.factory.support.AbstractAutowireCapableBeanFactory.createBean(AbstractAutowireCapableBeanFactory.java:521)
	at org.springframework.beans.factory.support.AbstractBeanFactory.lambda$doGetBean$0(AbstractBeanFactory.java:326)
	at org.springframework.beans.factory.support.DefaultSingletonBeanRegistry.getSingleton(DefaultSingletonBeanRegistry.java:234)
	at org.springframework.beans.factory.support.AbstractBeanFactory.doGetBean(AbstractBeanFactory.java:324)
	at org.springframework.beans.factory.support.AbstractBeanFactory.getBean(AbstractBeanFactory.java:200)
	at org.springframework.beans.factory.support.AbstractBeanFactory.doGetBean(AbstractBeanFactory.java:313)
	at org.springframework.beans.factory.support.AbstractBeanFactory.getBean(AbstractBeanFactory.java:200)
	at org.springframework.context.support.AbstractApplicationContext.getBean(AbstractApplicationContext.java:1130)
	at org.springframework.context.support.AbstractApplicationContext.finishBeanFactoryInitialization(AbstractApplicationContext.java:905)
	at org.springframework.context.support.AbstractApplicationContext.refresh(AbstractApplicationContext.java:584)
	at org.springframework.boot.web.servlet.context.ServletWebServerApplicationContext.refresh(ServletWebServerApplicationContext.java:146)
	at org.springframework.boot.SpringApplication.refresh(SpringApplication.java:730)
	at org.springframework.boot.SpringApplication.refreshContext(SpringApplication.java:432)
	at org.springframework.boot.SpringApplication.run(SpringApplication.java:308)
	at org.springframework.boot.SpringApplication.run(SpringApplication.java:1302)
	at org.springframework.boot.SpringApplication.run(SpringApplication.java:1291)
	at com.javarush.jira.JiraRushApplication.main(JiraRushApplication.java:15)
Caused by: liquibase.exception.ValidationFailedException: Validation Failed:
     1 changesets check sum
          classpath:db/changelog.sql::change_UK_USER_BELONG::ishlyakhtenkov was: 8:21bf170ebbe6bdb534774826299edb6a but is now: 8:91c9cc0e8080b991eecc7bdda20f62b0

	at liquibase.changelog.DatabaseChangeLog.validate(DatabaseChangeLog.java:337)
	at liquibase.Liquibase.lambda$update$1(Liquibase.java:257)
	at liquibase.Scope.lambda$child$0(Scope.java:180)
	at liquibase.Scope.child(Scope.java:189)
	at liquibase.Scope.child(Scope.java:179)
	at liquibase.Scope.child(Scope.java:158)
	at liquibase.Liquibase.runInScope(Liquibase.java:2447)
	at liquibase.Liquibase.update(Liquibase.java:236)
	at liquibase.Liquibase.update(Liquibase.java:221)
	at liquibase.integration.spring.SpringLiquibase.performUpdate(SpringLiquibase.java:328)
	at liquibase.integration.spring.SpringLiquibase.afterPropertiesSet(SpringLiquibase.java:283)
	at org.springframework.beans.factory.support.AbstractAutowireCapableBeanFactory.invokeInitMethods(AbstractAutowireCapableBeanFactory.java:1797)
	at org.springframework.beans.factory.support.AbstractAutowireCapableBeanFactory.initializeBean(AbstractAutowireCapableBeanFactory.java:1747)
	... 18 common frames omitted
09-05 19:51:38.142 [    main] INFO | org.springframework.boot.StartupInfoLogger.logStarting:51 Starting JiraRushApplication using Java 17.0.11 with PID 61236 (D:\Course\project-final\target\classes started by IVC in D:\Course\project-final)
09-05 19:51:38.148 [    main] DEBUG| org.springframework.boot.StartupInfoLogger.logStarting:52 Running with Spring Boot v3.0.2, Spring v6.0.4
09-05 19:51:38.149 [    main] INFO | org.springframework.boot.SpringApplication.logStartupProfileInfo:636 The following 1 profile is active: "prod"
09-05 19:51:43.526 [    main] WARN | o.springframework.context.support.AbstractApplicationContext.refresh:592 Exception encountered during context initialization - cancelling refresh attempt: org.springframework.beans.factory.BeanCreationException: Error creating bean with name 'liquibase' defined in class path resource [org/springframework/boot/autoconfigure/liquibase/LiquibaseAutoConfiguration$LiquibaseConfiguration.class]: liquibase.exception.MigrationFailedException: Migration failed for changeset classpath:db/changelog.sql::change_activity::dubovskiy:
     Reason: liquibase.exception.DatabaseException: ERROR: duplicate key value violates unique constraint "activity_pkey"
  Подробности: Key (id)=(1) already exists. [Failed SQL: (0) INSERT INTO ACTIVITY (ID, AUTHOR_ID, TASK_ID, UPDATED, STATUS_CODE) VALUES (1, 1, 1, '2023-09-01 10:00:00', 'in_progress')]
09-05 19:51:43.582 [    main] ERROR| org.springframework.boot.SpringApplication.reportFailure:820 Application run failed
org.springframework.beans.factory.BeanCreationException: Error creating bean with name 'liquibase' defined in class path resource [org/springframework/boot/autoconfigure/liquibase/LiquibaseAutoConfiguration$LiquibaseConfiguration.class]: liquibase.exception.MigrationFailedException: Migration failed for changeset classpath:db/changelog.sql::change_activity::dubovskiy:
     Reason: liquibase.exception.DatabaseException: ERROR: duplicate key value violates unique constraint "activity_pkey"
  Подробности: Key (id)=(1) already exists. [Failed SQL: (0) INSERT INTO ACTIVITY (ID, AUTHOR_ID, TASK_ID, UPDATED, STATUS_CODE) VALUES (1, 1, 1, '2023-09-01 10:00:00', 'in_progress')]
	at org.springframework.beans.factory.support.AbstractAutowireCapableBeanFactory.initializeBean(AbstractAutowireCapableBeanFactory.java:1751)
	at org.springframework.beans.factory.support.AbstractAutowireCapableBeanFactory.doCreateBean(AbstractAutowireCapableBeanFactory.java:599)
	at org.springframework.beans.factory.support.AbstractAutowireCapableBeanFactory.createBean(AbstractAutowireCapableBeanFactory.java:521)
	at org.springframework.beans.factory.support.AbstractBeanFactory.lambda$doGetBean$0(AbstractBeanFactory.java:326)
	at org.springframework.beans.factory.support.DefaultSingletonBeanRegistry.getSingleton(DefaultSingletonBeanRegistry.java:234)
	at org.springframework.beans.factory.support.AbstractBeanFactory.doGetBean(AbstractBeanFactory.java:324)
	at org.springframework.beans.factory.support.AbstractBeanFactory.getBean(AbstractBeanFactory.java:200)
	at org.springframework.beans.factory.support.AbstractBeanFactory.doGetBean(AbstractBeanFactory.java:313)
	at org.springframework.beans.factory.support.AbstractBeanFactory.getBean(AbstractBeanFactory.java:200)
	at org.springframework.context.support.AbstractApplicationContext.getBean(AbstractApplicationContext.java:1130)
	at org.springframework.context.support.AbstractApplicationContext.finishBeanFactoryInitialization(AbstractApplicationContext.java:905)
	at org.springframework.context.support.AbstractApplicationContext.refresh(AbstractApplicationContext.java:584)
	at org.springframework.boot.web.servlet.context.ServletWebServerApplicationContext.refresh(ServletWebServerApplicationContext.java:146)
	at org.springframework.boot.SpringApplication.refresh(SpringApplication.java:730)
	at org.springframework.boot.SpringApplication.refreshContext(SpringApplication.java:432)
	at org.springframework.boot.SpringApplication.run(SpringApplication.java:308)
	at org.springframework.boot.SpringApplication.run(SpringApplication.java:1302)
	at org.springframework.boot.SpringApplication.run(SpringApplication.java:1291)
	at com.javarush.jira.JiraRushApplication.main(JiraRushApplication.java:15)
Caused by: liquibase.exception.LiquibaseException: liquibase.exception.MigrationFailedException: Migration failed for changeset classpath:db/changelog.sql::change_activity::dubovskiy:
     Reason: liquibase.exception.DatabaseException: ERROR: duplicate key value violates unique constraint "activity_pkey"
  Подробности: Key (id)=(1) already exists. [Failed SQL: (0) INSERT INTO ACTIVITY (ID, AUTHOR_ID, TASK_ID, UPDATED, STATUS_CODE) VALUES (1, 1, 1, '2023-09-01 10:00:00', 'in_progress')]
	at liquibase.changelog.ChangeLogIterator.run(ChangeLogIterator.java:126)
	at liquibase.Liquibase.lambda$null$0(Liquibase.java:291)
	at liquibase.Scope.lambda$child$0(Scope.java:180)
	at liquibase.Scope.child(Scope.java:189)
	at liquibase.Scope.child(Scope.java:179)
	at liquibase.Scope.child(Scope.java:158)
	at liquibase.Scope.child(Scope.java:243)
	at liquibase.Liquibase.lambda$update$1(Liquibase.java:290)
	at liquibase.Scope.lambda$child$0(Scope.java:180)
	at liquibase.Scope.child(Scope.java:189)
	at liquibase.Scope.child(Scope.java:179)
	at liquibase.Scope.child(Scope.java:158)
	at liquibase.Liquibase.runInScope(Liquibase.java:2447)
	at liquibase.Liquibase.update(Liquibase.java:236)
	at liquibase.Liquibase.update(Liquibase.java:221)
	at liquibase.integration.spring.SpringLiquibase.performUpdate(SpringLiquibase.java:328)
	at liquibase.integration.spring.SpringLiquibase.afterPropertiesSet(SpringLiquibase.java:283)
	at org.springframework.beans.factory.support.AbstractAutowireCapableBeanFactory.invokeInitMethods(AbstractAutowireCapableBeanFactory.java:1797)
	at org.springframework.beans.factory.support.AbstractAutowireCapableBeanFactory.initializeBean(AbstractAutowireCapableBeanFactory.java:1747)
	... 18 common frames omitted
Caused by: liquibase.exception.MigrationFailedException: Migration failed for changeset classpath:db/changelog.sql::change_activity::dubovskiy:
     Reason: liquibase.exception.DatabaseException: ERROR: duplicate key value violates unique constraint "activity_pkey"
  Подробности: Key (id)=(1) already exists. [Failed SQL: (0) INSERT INTO ACTIVITY (ID, AUTHOR_ID, TASK_ID, UPDATED, STATUS_CODE) VALUES (1, 1, 1, '2023-09-01 10:00:00', 'in_progress')]
	at liquibase.changelog.ChangeSet.execute(ChangeSet.java:714)
	at liquibase.changelog.visitor.UpdateVisitor.visit(UpdateVisitor.java:56)
	at liquibase.changelog.ChangeLogIterator$2.lambda$null$0(ChangeLogIterator.java:113)
	at liquibase.Scope.lambda$child$0(Scope.java:180)
	at liquibase.Scope.child(Scope.java:189)
	at liquibase.Scope.child(Scope.java:179)
	at liquibase.Scope.child(Scope.java:158)
	at liquibase.changelog.ChangeLogIterator$2.lambda$run$1(ChangeLogIterator.java:112)
	at liquibase.Scope.lambda$child$0(Scope.java:180)
	at liquibase.Scope.child(Scope.java:189)
	at liquibase.Scope.child(Scope.java:179)
	at liquibase.Scope.child(Scope.java:158)
	at liquibase.Scope.child(Scope.java:243)
	at liquibase.changelog.ChangeLogIterator$2.run(ChangeLogIterator.java:93)
	at liquibase.Scope.lambda$child$0(Scope.java:180)
	at liquibase.Scope.child(Scope.java:189)
	at liquibase.Scope.child(Scope.java:179)
	at liquibase.Scope.child(Scope.java:158)
	at liquibase.Scope.child(Scope.java:243)
	at liquibase.Scope.child(Scope.java:247)
	at liquibase.changelog.ChangeLogIterator.run(ChangeLogIterator.java:65)
	... 36 common frames omitted
Caused by: liquibase.exception.DatabaseException: ERROR: duplicate key value violates unique constraint "activity_pkey"
  Подробности: Key (id)=(1) already exists. [Failed SQL: (0) INSERT INTO ACTIVITY (ID, AUTHOR_ID, TASK_ID, UPDATED, STATUS_CODE) VALUES (1, 1, 1, '2023-09-01 10:00:00', 'in_progress')]
	at liquibase.executor.jvm.JdbcExecutor$ExecuteStatementCallback.doInStatement(JdbcExecutor.java:447)
	at liquibase.executor.jvm.JdbcExecutor.execute(JdbcExecutor.java:78)
	at liquibase.executor.jvm.JdbcExecutor.execute(JdbcExecutor.java:161)
	at liquibase.database.AbstractJdbcDatabase.execute(AbstractJdbcDatabase.java:1270)
	at liquibase.database.AbstractJdbcDatabase.executeStatements(AbstractJdbcDatabase.java:1252)
	at liquibase.changelog.ChangeSet.execute(ChangeSet.java:679)
	... 56 common frames omitted
Caused by: org.postgresql.util.PSQLException: ERROR: duplicate key value violates unique constraint "activity_pkey"
  Подробности: Key (id)=(1) already exists.
	at org.postgresql.core.v3.QueryExecutorImpl.receiveErrorResponse(QueryExecutorImpl.java:2676)
	at org.postgresql.core.v3.QueryExecutorImpl.processResults(QueryExecutorImpl.java:2366)
	at org.postgresql.core.v3.QueryExecutorImpl.execute(QueryExecutorImpl.java:356)
	at org.postgresql.jdbc.PgStatement.executeInternal(PgStatement.java:496)
	at org.postgresql.jdbc.PgStatement.execute(PgStatement.java:413)
	at org.postgresql.jdbc.PgStatement.executeWithFlags(PgStatement.java:333)
	at org.postgresql.jdbc.PgStatement.executeCachedSql(PgStatement.java:319)
	at org.postgresql.jdbc.PgStatement.executeWithFlags(PgStatement.java:295)
	at org.postgresql.jdbc.PgStatement.execute(PgStatement.java:290)
	at com.zaxxer.hikari.pool.ProxyStatement.execute(ProxyStatement.java:94)
	at com.zaxxer.hikari.pool.HikariProxyStatement.execute(HikariProxyStatement.java)
	at liquibase.executor.jvm.JdbcExecutor$ExecuteStatementCallback.doInStatement(JdbcExecutor.java:443)
	... 61 common frames omitted
09-05 19:51:50.254 [0-exec-5] DEBUG| o.springframework.web.servlet.handler.AbstractHandlerMapping.getHandler:527 Mapped to org.springframework.web.servlet.mvc.UrlFilenameViewController@5a9c560b
09-05 19:51:50.254 [0-exec-5] DEBUG| o.springframework.web.servlet.handler.AbstractHandlerMapping.getHandler:527 Mapped to org.springframework.web.servlet.mvc.UrlFilenameViewController@5a9c560b
09-05 19:51:50.528 [0-exec-6] DEBUG| o.springframework.web.servlet.handler.AbstractHandlerMapping.getHandler:527 Mapped to org.springframework.web.servlet.mvc.UrlFilenameViewController@5a9c560b
09-05 19:51:50.530 [0-exec-6] DEBUG| o.springframework.web.servlet.handler.AbstractHandlerMapping.getHandler:527 Mapped to org.springframework.web.servlet.mvc.UrlFilenameViewController@5a9c560b
09-05 19:51:52.076 [0-exec-3] DEBUG| o.springframework.web.servlet.handler.AbstractHandlerMapping.getHandler:527 Mapped to org.springframework.web.servlet.mvc.UrlFilenameViewController@5a9c560b
09-05 19:51:52.106 [0-exec-3] DEBUG| com.javarush.jira.common.internal.config.SecurityConfig.lambda$userDetailsService$0:51 Authenticating 'admin@gmail.com'
09-05 19:51:53.134 [0-exec-9] ERROR| com.javarush.jira.common.internal.web.UIExceptionHandler.processError:56 ERR# Exception No message available at request /static/bootstrap/css/bootstrap-select.min.css
09-05 19:52:32.970 [-exec-10] ERROR| com.javarush.jira.common.internal.web.UIExceptionHandler.processError:56 ERR# Exception No message available at request /static/bootstrap/css/bootstrap-select.min.css
09-05 19:52:34.322 [0-exec-1] ERROR| com.javarush.jira.common.internal.web.UIExceptionHandler.processError:56 ERR# Exception No message available at request /static/bootstrap/css/bootstrap-select.min.css
09-05 19:52:48.037 [0-exec-3] ERROR| com.javarush.jira.common.internal.web.UIExceptionHandler.processError:56 ERR# Exception No message available at request /static/bootstrap/css/bootstrap-select.min.css
09-05 19:52:52.613 [0-exec-4] ERROR| com.javarush.jira.common.internal.web.UIExceptionHandler.processError:56 ERR# Exception No message available at request /static/bootstrap/css/bootstrap-select.min.css
09-05 19:52:57.101 [0-exec-3] ERROR| com.javarush.jira.common.internal.web.UIExceptionHandler.processError:56 ERR# Exception No message available at request /static/bootstrap/css/bootstrap-select.min.css
09-05 19:53:06.640 [0-exec-6] ERROR| com.javarush.jira.common.internal.web.UIExceptionHandler.processError:56 ERR# Exception No message available at request /static/bootstrap/css/bootstrap-select.min.css
09-05 19:53:10.003 [-exec-10] ERROR| com.javarush.jira.common.internal.web.UIExceptionHandler.processError:56 ERR# Exception No message available at request /static/bootstrap/css/bootstrap-select.min.css
09-05 19:53:10.976 [0-exec-4] ERROR| com.javarush.jira.common.internal.web.UIExceptionHandler.processError:56 ERR# Exception No message available at request /static/bootstrap/css/bootstrap-select.min.css
09-05 19:53:13.379 [0-exec-2] ERROR| com.javarush.jira.common.internal.web.UIExceptionHandler.processError:56 ERR# Exception No message available at request /static/bootstrap/css/bootstrap-select.min.css
09-05 19:54:21.177 [-exec-10] ERROR| com.javarush.jira.common.internal.web.UIExceptionHandler.processError:56 ERR# Exception No message available at request /static/bootstrap/css/bootstrap-select.min.css
09-05 19:54:22.144 [0-exec-4] ERROR| com.javarush.jira.common.internal.web.UIExceptionHandler.processError:56 ERR# Exception No message available at request /static/bootstrap/css/bootstrap-select.min.css
09-05 19:54:24.073 [0-exec-8] ERROR| com.javarush.jira.common.internal.web.UIExceptionHandler.processError:56 ERR# Exception No message available at request /static/bootstrap/css/bootstrap-select.min.css
09-05 19:54:37.258 [0-exec-1] ERROR| com.javarush.jira.common.internal.web.UIExceptionHandler.processError:56 ERR# Exception No message available at request /static/bootstrap/css/bootstrap-select.min.css
09-05 19:54:37.987 [0-exec-9] ERROR| com.javarush.jira.common.internal.web.UIExceptionHandler.processError:56 ERR# Exception No message available at request /static/bootstrap/css/bootstrap-select.min.css
09-05 19:54:47.493 [0-exec-4] ERROR| com.javarush.jira.common.internal.web.UIExceptionHandler.processError:56 ERR# Exception No message available at request /static/bootstrap/css/bootstrap-select.min.css
